This is pdfTeX, Version 3.14159265-2.6-1.40.15 (TeX Live 2015/dev) (preloaded format=pdflatex 2015.10.17)  30 JUL 2016 01:12
entering extended mode
 restricted \write18 enabled.
 %&-line parsing enabled.
**update.tex
(./update.tex
LaTeX2e <2014/05/01>
Babel <3.9l> and hyphenation patterns for 79 languages loaded.

(/nix/store/xy75qzrwkwgbr29l9hbawjic0a1h5wmy-TeXLive-linkdir/texmf-dist/tex/lat
ex/base/article.cls
Document Class: article 2007/10/19 v1.4h Standard LaTeX document class

(/nix/store/xy75qzrwkwgbr29l9hbawjic0a1h5wmy-TeXLive-linkdir/texmf-dist/tex/lat
ex/base/size10.clo
File: size10.clo 2007/10/19 v1.4h Standard LaTeX file (size option)
)
\c@part=\count79
\c@section=\count80
\c@subsection=\count81
\c@subsubsection=\count82
\c@paragraph=\count83
\c@subparagraph=\count84
\c@figure=\count85
\c@table=\count86
\abovecaptionskip=\skip41
\belowcaptionskip=\skip42
\bibindent=\dimen102
)
(/nix/store/xy75qzrwkwgbr29l9hbawjic0a1h5wmy-TeXLive-linkdir/texmf-dist/tex/lat
ex/geometry/geometry.sty
Package: geometry 2010/09/12 v5.6 Page Geometry

(/nix/store/xy75qzrwkwgbr29l9hbawjic0a1h5wmy-TeXLive-linkdir/texmf-dist/tex/lat
ex/graphics/keyval.sty
Package: keyval 2014/05/08 v1.15 key=value parser (DPC)
\KV@toks@=\toks14
)
(/nix/store/xy75qzrwkwgbr29l9hbawjic0a1h5wmy-TeXLive-linkdir/texmf-dist/tex/gen
eric/oberdiek/ifpdf.sty
Package: ifpdf 2011/01/30 v2.3 Provides the ifpdf switch (HO)
Package ifpdf Info: pdfTeX in PDF mode is detected.
)
(/nix/store/xy75qzrwkwgbr29l9hbawjic0a1h5wmy-TeXLive-linkdir/texmf-dist/tex/gen
eric/oberdiek/ifvtex.sty
Package: ifvtex 2010/03/01 v1.5 Detect VTeX and its facilities (HO)
Package ifvtex Info: VTeX not detected.
)
(/nix/store/xy75qzrwkwgbr29l9hbawjic0a1h5wmy-TeXLive-linkdir/texmf-dist/tex/gen
eric/ifxetex/ifxetex.sty
Package: ifxetex 2010/09/12 v0.6 Provides ifxetex conditional
)
\Gm@cnth=\count87
\Gm@cntv=\count88
\c@Gm@tempcnt=\count89
\Gm@bindingoffset=\dimen103
\Gm@wd@mp=\dimen104
\Gm@odd@mp=\dimen105
\Gm@even@mp=\dimen106
\Gm@layoutwidth=\dimen107
\Gm@layoutheight=\dimen108
\Gm@layouthoffset=\dimen109
\Gm@layoutvoffset=\dimen110
\Gm@dimlist=\toks15
)
(/nix/store/xy75qzrwkwgbr29l9hbawjic0a1h5wmy-TeXLive-linkdir/texmf-dist/tex/lat
ex/amsmath/amsmath.sty
Package: amsmath 2013/01/14 v2.14 AMS math features
\@mathmargin=\skip43

For additional information on amsmath, use the `?' option.

(/nix/store/xy75qzrwkwgbr29l9hbawjic0a1h5wmy-TeXLive-linkdir/texmf-dist/tex/lat
ex/amsmath/amstext.sty
Package: amstext 2000/06/29 v2.01

(/nix/store/xy75qzrwkwgbr29l9hbawjic0a1h5wmy-TeXLive-linkdir/texmf-dist/tex/lat
ex/amsmath/amsgen.sty
File: amsgen.sty 1999/11/30 v2.0
\@emptytoks=\toks16
\ex@=\dimen111
))
(/nix/store/xy75qzrwkwgbr29l9hbawjic0a1h5wmy-TeXLive-linkdir/texmf-dist/tex/lat
ex/amsmath/amsbsy.sty
Package: amsbsy 1999/11/29 v1.2d
\pmbraise@=\dimen112
)
(/nix/store/xy75qzrwkwgbr29l9hbawjic0a1h5wmy-TeXLive-linkdir/texmf-dist/tex/lat
ex/amsmath/amsopn.sty
Package: amsopn 1999/12/14 v2.01 operator names
)
\inf@bad=\count90
LaTeX Info: Redefining \frac on input line 210.
\uproot@=\count91
\leftroot@=\count92
LaTeX Info: Redefining \overline on input line 306.
\classnum@=\count93
\DOTSCASE@=\count94
LaTeX Info: Redefining \ldots on input line 378.
LaTeX Info: Redefining \dots on input line 381.
LaTeX Info: Redefining \cdots on input line 466.
\Mathstrutbox@=\box26
\strutbox@=\box27
\big@size=\dimen113
LaTeX Font Info:    Redeclaring font encoding OML on input line 566.
LaTeX Font Info:    Redeclaring font encoding OMS on input line 567.
\macc@depth=\count95
\c@MaxMatrixCols=\count96
\dotsspace@=\muskip10
\c@parentequation=\count97
\dspbrk@lvl=\count98
\tag@help=\toks17
\row@=\count99
\column@=\count100
\maxfields@=\count101
\andhelp@=\toks18
\eqnshift@=\dimen114
\alignsep@=\dimen115
\tagshift@=\dimen116
\tagwidth@=\dimen117
\totwidth@=\dimen118
\lineht@=\dimen119
\@envbody=\toks19
\multlinegap=\skip44
\multlinetaggap=\skip45
\mathdisplay@stack=\toks20
LaTeX Info: Redefining \[ on input line 2665.
LaTeX Info: Redefining \] on input line 2666.
)
(/nix/store/xy75qzrwkwgbr29l9hbawjic0a1h5wmy-TeXLive-linkdir/texmf-dist/tex/lat
ex/pgf/frontendlayer/tikz.sty
(/nix/store/xy75qzrwkwgbr29l9hbawjic0a1h5wmy-TeXLive-linkdir/texmf-dist/tex/lat
ex/pgf/basiclayer/pgf.sty
(/nix/store/xy75qzrwkwgbr29l9hbawjic0a1h5wmy-TeXLive-linkdir/texmf-dist/tex/lat
ex/pgf/utilities/pgfrcs.sty
(/nix/store/xy75qzrwkwgbr29l9hbawjic0a1h5wmy-TeXLive-linkdir/texmf-dist/tex/gen
eric/pgf/utilities/pgfutil-common.tex
\pgfutil@everybye=\toks21
\pgfutil@tempdima=\dimen120
\pgfutil@tempdimb=\dimen121

(/nix/store/xy75qzrwkwgbr29l9hbawjic0a1h5wmy-TeXLive-linkdir/texmf-dist/tex/gen
eric/pgf/utilities/pgfutil-common-lists.tex))
(/nix/store/xy75qzrwkwgbr29l9hbawjic0a1h5wmy-TeXLive-linkdir/texmf-dist/tex/gen
eric/pgf/utilities/pgfutil-latex.def
\pgfutil@abb=\box28

(/nix/store/xy75qzrwkwgbr29l9hbawjic0a1h5wmy-TeXLive-linkdir/texmf-dist/tex/lat
ex/ms/everyshi.sty
Package: everyshi 2001/05/15 v3.00 EveryShipout Package (MS)
))
(/nix/store/xy75qzrwkwgbr29l9hbawjic0a1h5wmy-TeXLive-linkdir/texmf-dist/tex/gen
eric/pgf/utilities/pgfrcs.code.tex
Package: pgfrcs 2013/12/20 v3.0.0 (rcs-revision 1.28)
))
Package: pgf 2013/12/18 v3.0.0 (rcs-revision 1.14)

(/nix/store/xy75qzrwkwgbr29l9hbawjic0a1h5wmy-TeXLive-linkdir/texmf-dist/tex/lat
ex/pgf/basiclayer/pgfcore.sty
(/nix/store/xy75qzrwkwgbr29l9hbawjic0a1h5wmy-TeXLive-linkdir/texmf-dist/tex/lat
ex/graphics/graphicx.sty
Package: graphicx 2014/04/25 v1.0g Enhanced LaTeX Graphics (DPC,SPQR)

(/nix/store/xy75qzrwkwgbr29l9hbawjic0a1h5wmy-TeXLive-linkdir/texmf-dist/tex/lat
ex/graphics/graphics.sty
Package: graphics 2009/02/05 v1.0o Standard LaTeX Graphics (DPC,SPQR)

(/nix/store/xy75qzrwkwgbr29l9hbawjic0a1h5wmy-TeXLive-linkdir/texmf-dist/tex/lat
ex/graphics/trig.sty
Package: trig 1999/03/16 v1.09 sin cos tan (DPC)
)
(/nix/store/xy75qzrwkwgbr29l9hbawjic0a1h5wmy-TeXLive-linkdir/texmf-dist/tex/lat
ex/latexconfig/graphics.cfg
File: graphics.cfg 2010/04/23 v1.9 graphics configuration of TeX Live
)
Package graphics Info: Driver file: pdftex.def on input line 91.

(/nix/store/xy75qzrwkwgbr29l9hbawjic0a1h5wmy-TeXLive-linkdir/texmf-dist/tex/lat
ex/pdftex-def/pdftex.def
File: pdftex.def 2011/05/27 v0.06d Graphics/color for pdfTeX

(/nix/store/xy75qzrwkwgbr29l9hbawjic0a1h5wmy-TeXLive-linkdir/texmf-dist/tex/gen
eric/oberdiek/infwarerr.sty
Package: infwarerr 2010/04/08 v1.3 Providing info/warning/error messages (HO)
)
(/nix/store/xy75qzrwkwgbr29l9hbawjic0a1h5wmy-TeXLive-linkdir/texmf-dist/tex/gen
eric/oberdiek/ltxcmds.sty
Package: ltxcmds 2011/11/09 v1.22 LaTeX kernel commands for general use (HO)
)
\Gread@gobject=\count102
))
\Gin@req@height=\dimen122
\Gin@req@width=\dimen123
)
(/nix/store/xy75qzrwkwgbr29l9hbawjic0a1h5wmy-TeXLive-linkdir/texmf-dist/tex/lat
ex/pgf/systemlayer/pgfsys.sty
(/nix/store/xy75qzrwkwgbr29l9hbawjic0a1h5wmy-TeXLive-linkdir/texmf-dist/tex/gen
eric/pgf/systemlayer/pgfsys.code.tex
Package: pgfsys 2013/11/30 v3.0.0 (rcs-revision 1.47)

(/nix/store/xy75qzrwkwgbr29l9hbawjic0a1h5wmy-TeXLive-linkdir/texmf-dist/tex/gen
eric/pgf/utilities/pgfkeys.code.tex
\pgfkeys@pathtoks=\toks22
\pgfkeys@temptoks=\toks23

(/nix/store/xy75qzrwkwgbr29l9hbawjic0a1h5wmy-TeXLive-linkdir/texmf-dist/tex/gen
eric/pgf/utilities/pgfkeysfiltered.code.tex
\pgfkeys@tmptoks=\toks24
))
\pgf@x=\dimen124
\pgf@y=\dimen125
\pgf@xa=\dimen126
\pgf@ya=\dimen127
\pgf@xb=\dimen128
\pgf@yb=\dimen129
\pgf@xc=\dimen130
\pgf@yc=\dimen131
\w@pgf@writea=\write3
\r@pgf@reada=\read1
\c@pgf@counta=\count103
\c@pgf@countb=\count104
\c@pgf@countc=\count105
\c@pgf@countd=\count106
\t@pgf@toka=\toks25
\t@pgf@tokb=\toks26
\t@pgf@tokc=\toks27

(/nix/store/xy75qzrwkwgbr29l9hbawjic0a1h5wmy-TeXLive-linkdir/texmf-dist/tex/gen
eric/pgf/systemlayer/pgf.cfg
File: pgf.cfg 2008/05/14  (rcs-revision 1.7)
)
Driver file for pgf: pgfsys-pdftex.def

(/nix/store/xy75qzrwkwgbr29l9hbawjic0a1h5wmy-TeXLive-linkdir/texmf-dist/tex/gen
eric/pgf/systemlayer/pgfsys-pdftex.def
File: pgfsys-pdftex.def 2013/07/18  (rcs-revision 1.33)

(/nix/store/xy75qzrwkwgbr29l9hbawjic0a1h5wmy-TeXLive-linkdir/texmf-dist/tex/gen
eric/pgf/systemlayer/pgfsys-common-pdf.def
File: pgfsys-common-pdf.def 2013/10/10  (rcs-revision 1.13)
)))
(/nix/store/xy75qzrwkwgbr29l9hbawjic0a1h5wmy-TeXLive-linkdir/texmf-dist/tex/gen
eric/pgf/systemlayer/pgfsyssoftpath.code.tex
File: pgfsyssoftpath.code.tex 2013/09/09  (rcs-revision 1.9)
\pgfsyssoftpath@smallbuffer@items=\count107
\pgfsyssoftpath@bigbuffer@items=\count108
)
(/nix/store/xy75qzrwkwgbr29l9hbawjic0a1h5wmy-TeXLive-linkdir/texmf-dist/tex/gen
eric/pgf/systemlayer/pgfsysprotocol.code.tex
File: pgfsysprotocol.code.tex 2006/10/16  (rcs-revision 1.4)
))
(/nix/store/xy75qzrwkwgbr29l9hbawjic0a1h5wmy-TeXLive-linkdir/texmf-dist/tex/lat
ex/xcolor/xcolor.sty
Package: xcolor 2007/01/21 v2.11 LaTeX color extensions (UK)

(/nix/store/xy75qzrwkwgbr29l9hbawjic0a1h5wmy-TeXLive-linkdir/texmf-dist/tex/lat
ex/latexconfig/color.cfg
File: color.cfg 2007/01/18 v1.5 color configuration of teTeX/TeXLive
)
Package xcolor Info: Driver file: pdftex.def on input line 225.
Package xcolor Info: Model `cmy' substituted by `cmy0' on input line 1337.
Package xcolor Info: Model `hsb' substituted by `rgb' on input line 1341.
Package xcolor Info: Model `RGB' extended on input line 1353.
Package xcolor Info: Model `HTML' substituted by `rgb' on input line 1355.
Package xcolor Info: Model `Hsb' substituted by `hsb' on input line 1356.
Package xcolor Info: Model `tHsb' substituted by `hsb' on input line 1357.
Package xcolor Info: Model `HSB' substituted by `hsb' on input line 1358.
Package xcolor Info: Model `Gray' substituted by `gray' on input line 1359.
Package xcolor Info: Model `wave' substituted by `hsb' on input line 1360.
)
(/nix/store/xy75qzrwkwgbr29l9hbawjic0a1h5wmy-TeXLive-linkdir/texmf-dist/tex/gen
eric/pgf/basiclayer/pgfcore.code.tex
Package: pgfcore 2010/04/11 v3.0.0 (rcs-revision 1.7)

(/nix/store/xy75qzrwkwgbr29l9hbawjic0a1h5wmy-TeXLive-linkdir/texmf-dist/tex/gen
eric/pgf/math/pgfmath.code.tex
(/nix/store/xy75qzrwkwgbr29l9hbawjic0a1h5wmy-TeXLive-linkdir/texmf-dist/tex/gen
eric/pgf/math/pgfmathcalc.code.tex
(/nix/store/xy75qzrwkwgbr29l9hbawjic0a1h5wmy-TeXLive-linkdir/texmf-dist/tex/gen
eric/pgf/math/pgfmathutil.code.tex)
(/nix/store/xy75qzrwkwgbr29l9hbawjic0a1h5wmy-TeXLive-linkdir/texmf-dist/tex/gen
eric/pgf/math/pgfmathparser.code.tex
\pgfmath@dimen=\dimen132
\pgfmath@count=\count109
\pgfmath@box=\box29
\pgfmath@toks=\toks28
\pgfmath@stack@operand=\toks29
\pgfmath@stack@operation=\toks30
)
(/nix/store/xy75qzrwkwgbr29l9hbawjic0a1h5wmy-TeXLive-linkdir/texmf-dist/tex/gen
eric/pgf/math/pgfmathfunctions.code.tex
(/nix/store/xy75qzrwkwgbr29l9hbawjic0a1h5wmy-TeXLive-linkdir/texmf-dist/tex/gen
eric/pgf/math/pgfmathfunctions.basic.code.tex)
(/nix/store/xy75qzrwkwgbr29l9hbawjic0a1h5wmy-TeXLive-linkdir/texmf-dist/tex/gen
eric/pgf/math/pgfmathfunctions.trigonometric.code.tex)
(/nix/store/xy75qzrwkwgbr29l9hbawjic0a1h5wmy-TeXLive-linkdir/texmf-dist/tex/gen
eric/pgf/math/pgfmathfunctions.random.code.tex)
(/nix/store/xy75qzrwkwgbr29l9hbawjic0a1h5wmy-TeXLive-linkdir/texmf-dist/tex/gen
eric/pgf/math/pgfmathfunctions.comparison.code.tex)
(/nix/store/xy75qzrwkwgbr29l9hbawjic0a1h5wmy-TeXLive-linkdir/texmf-dist/tex/gen
eric/pgf/math/pgfmathfunctions.base.code.tex)
(/nix/store/xy75qzrwkwgbr29l9hbawjic0a1h5wmy-TeXLive-linkdir/texmf-dist/tex/gen
eric/pgf/math/pgfmathfunctions.round.code.tex)
(/nix/store/xy75qzrwkwgbr29l9hbawjic0a1h5wmy-TeXLive-linkdir/texmf-dist/tex/gen
eric/pgf/math/pgfmathfunctions.misc.code.tex)
(/nix/store/xy75qzrwkwgbr29l9hbawjic0a1h5wmy-TeXLive-linkdir/texmf-dist/tex/gen
eric/pgf/math/pgfmathfunctions.integerarithmetics.code.tex)))
(/nix/store/xy75qzrwkwgbr29l9hbawjic0a1h5wmy-TeXLive-linkdir/texmf-dist/tex/gen
eric/pgf/math/pgfmathfloat.code.tex
\c@pgfmathroundto@lastzeros=\count110
))
(/nix/store/xy75qzrwkwgbr29l9hbawjic0a1h5wmy-TeXLive-linkdir/texmf-dist/tex/gen
eric/pgf/basiclayer/pgfcorepoints.code.tex
File: pgfcorepoints.code.tex 2013/10/07  (rcs-revision 1.27)
\pgf@picminx=\dimen133
\pgf@picmaxx=\dimen134
\pgf@picminy=\dimen135
\pgf@picmaxy=\dimen136
\pgf@pathminx=\dimen137
\pgf@pathmaxx=\dimen138
\pgf@pathminy=\dimen139
\pgf@pathmaxy=\dimen140
\pgf@xx=\dimen141
\pgf@xy=\dimen142
\pgf@yx=\dimen143
\pgf@yy=\dimen144
\pgf@zx=\dimen145
\pgf@zy=\dimen146
)
(/nix/store/xy75qzrwkwgbr29l9hbawjic0a1h5wmy-TeXLive-linkdir/texmf-dist/tex/gen
eric/pgf/basiclayer/pgfcorepathconstruct.code.tex
File: pgfcorepathconstruct.code.tex 2013/10/07  (rcs-revision 1.29)
\pgf@path@lastx=\dimen147
\pgf@path@lasty=\dimen148
)
(/nix/store/xy75qzrwkwgbr29l9hbawjic0a1h5wmy-TeXLive-linkdir/texmf-dist/tex/gen
eric/pgf/basiclayer/pgfcorepathusage.code.tex
File: pgfcorepathusage.code.tex 2013/12/13  (rcs-revision 1.23)
\pgf@shorten@end@additional=\dimen149
\pgf@shorten@start@additional=\dimen150
)
(/nix/store/xy75qzrwkwgbr29l9hbawjic0a1h5wmy-TeXLive-linkdir/texmf-dist/tex/gen
eric/pgf/basiclayer/pgfcorescopes.code.tex
File: pgfcorescopes.code.tex 2013/10/09  (rcs-revision 1.44)
\pgfpic=\box30
\pgf@hbox=\box31
\pgf@layerbox@main=\box32
\pgf@picture@serial@count=\count111
)
(/nix/store/xy75qzrwkwgbr29l9hbawjic0a1h5wmy-TeXLive-linkdir/texmf-dist/tex/gen
eric/pgf/basiclayer/pgfcoregraphicstate.code.tex
File: pgfcoregraphicstate.code.tex 2013/09/19  (rcs-revision 1.11)
\pgflinewidth=\dimen151
)
(/nix/store/xy75qzrwkwgbr29l9hbawjic0a1h5wmy-TeXLive-linkdir/texmf-dist/tex/gen
eric/pgf/basiclayer/pgfcoretransformations.code.tex
File: pgfcoretransformations.code.tex 2013/10/10  (rcs-revision 1.17)
\pgf@pt@x=\dimen152
\pgf@pt@y=\dimen153
\pgf@pt@temp=\dimen154
)
(/nix/store/xy75qzrwkwgbr29l9hbawjic0a1h5wmy-TeXLive-linkdir/texmf-dist/tex/gen
eric/pgf/basiclayer/pgfcorequick.code.tex
File: pgfcorequick.code.tex 2008/10/09  (rcs-revision 1.3)
)
(/nix/store/xy75qzrwkwgbr29l9hbawjic0a1h5wmy-TeXLive-linkdir/texmf-dist/tex/gen
eric/pgf/basiclayer/pgfcoreobjects.code.tex
File: pgfcoreobjects.code.tex 2006/10/11  (rcs-revision 1.2)
)
(/nix/store/xy75qzrwkwgbr29l9hbawjic0a1h5wmy-TeXLive-linkdir/texmf-dist/tex/gen
eric/pgf/basiclayer/pgfcorepathprocessing.code.tex
File: pgfcorepathprocessing.code.tex 2013/09/09  (rcs-revision 1.9)
)
(/nix/store/xy75qzrwkwgbr29l9hbawjic0a1h5wmy-TeXLive-linkdir/texmf-dist/tex/gen
eric/pgf/basiclayer/pgfcorearrows.code.tex
File: pgfcorearrows.code.tex 2013/11/07  (rcs-revision 1.40)
\pgfarrowsep=\dimen155
)
(/nix/store/xy75qzrwkwgbr29l9hbawjic0a1h5wmy-TeXLive-linkdir/texmf-dist/tex/gen
eric/pgf/basiclayer/pgfcoreshade.code.tex
File: pgfcoreshade.code.tex 2013/07/15  (rcs-revision 1.15)
\pgf@max=\dimen156
\pgf@sys@shading@range@num=\count112
)
(/nix/store/xy75qzrwkwgbr29l9hbawjic0a1h5wmy-TeXLive-linkdir/texmf-dist/tex/gen
eric/pgf/basiclayer/pgfcoreimage.code.tex
File: pgfcoreimage.code.tex 2013/07/15  (rcs-revision 1.18)

(/nix/store/xy75qzrwkwgbr29l9hbawjic0a1h5wmy-TeXLive-linkdir/texmf-dist/tex/gen
eric/pgf/basiclayer/pgfcoreexternal.code.tex
File: pgfcoreexternal.code.tex 2013/07/15  (rcs-revision 1.20)
\pgfexternal@startupbox=\box33
))
(/nix/store/xy75qzrwkwgbr29l9hbawjic0a1h5wmy-TeXLive-linkdir/texmf-dist/tex/gen
eric/pgf/basiclayer/pgfcorelayers.code.tex
File: pgfcorelayers.code.tex 2013/07/18  (rcs-revision 1.7)
)
(/nix/store/xy75qzrwkwgbr29l9hbawjic0a1h5wmy-TeXLive-linkdir/texmf-dist/tex/gen
eric/pgf/basiclayer/pgfcoretransparency.code.tex
File: pgfcoretransparency.code.tex 2013/09/30  (rcs-revision 1.5)
)
(/nix/store/xy75qzrwkwgbr29l9hbawjic0a1h5wmy-TeXLive-linkdir/texmf-dist/tex/gen
eric/pgf/basiclayer/pgfcorepatterns.code.tex
File: pgfcorepatterns.code.tex 2013/11/07  (rcs-revision 1.5)
)))
(/nix/store/xy75qzrwkwgbr29l9hbawjic0a1h5wmy-TeXLive-linkdir/texmf-dist/tex/gen
eric/pgf/modules/pgfmoduleshapes.code.tex
File: pgfmoduleshapes.code.tex 2013/10/31  (rcs-revision 1.34)
\pgfnodeparttextbox=\box34
)
(/nix/store/xy75qzrwkwgbr29l9hbawjic0a1h5wmy-TeXLive-linkdir/texmf-dist/tex/gen
eric/pgf/modules/pgfmoduleplot.code.tex
File: pgfmoduleplot.code.tex 2013/07/31  (rcs-revision 1.12)
)
(/nix/store/xy75qzrwkwgbr29l9hbawjic0a1h5wmy-TeXLive-linkdir/texmf-dist/tex/lat
ex/pgf/compatibility/pgfcomp-version-0-65.sty
Package: pgfcomp-version-0-65 2007/07/03 v3.0.0 (rcs-revision 1.7)
\pgf@nodesepstart=\dimen157
\pgf@nodesepend=\dimen158
)
(/nix/store/xy75qzrwkwgbr29l9hbawjic0a1h5wmy-TeXLive-linkdir/texmf-dist/tex/lat
ex/pgf/compatibility/pgfcomp-version-1-18.sty
Package: pgfcomp-version-1-18 2007/07/23 v3.0.0 (rcs-revision 1.1)
))
(/nix/store/xy75qzrwkwgbr29l9hbawjic0a1h5wmy-TeXLive-linkdir/texmf-dist/tex/lat
ex/pgf/utilities/pgffor.sty
(/nix/store/xy75qzrwkwgbr29l9hbawjic0a1h5wmy-TeXLive-linkdir/texmf-dist/tex/lat
ex/pgf/utilities/pgfkeys.sty
(/nix/store/xy75qzrwkwgbr29l9hbawjic0a1h5wmy-TeXLive-linkdir/texmf-dist/tex/gen
eric/pgf/utilities/pgfkeys.code.tex))
(/nix/store/xy75qzrwkwgbr29l9hbawjic0a1h5wmy-TeXLive-linkdir/texmf-dist/tex/lat
ex/pgf/math/pgfmath.sty
(/nix/store/xy75qzrwkwgbr29l9hbawjic0a1h5wmy-TeXLive-linkdir/texmf-dist/tex/gen
eric/pgf/math/pgfmath.code.tex))
(/nix/store/xy75qzrwkwgbr29l9hbawjic0a1h5wmy-TeXLive-linkdir/texmf-dist/tex/gen
eric/pgf/utilities/pgffor.code.tex
Package: pgffor 2013/12/13 v3.0.0 (rcs-revision 1.25)

(/nix/store/xy75qzrwkwgbr29l9hbawjic0a1h5wmy-TeXLive-linkdir/texmf-dist/tex/gen
eric/pgf/math/pgfmath.code.tex)
\pgffor@iter=\dimen159
\pgffor@skip=\dimen160
\pgffor@stack=\toks31
\pgffor@toks=\toks32
))
(/nix/store/xy75qzrwkwgbr29l9hbawjic0a1h5wmy-TeXLive-linkdir/texmf-dist/tex/gen
eric/pgf/frontendlayer/tikz/tikz.code.tex
Package: tikz 2013/12/13 v3.0.0 (rcs-revision 1.142)

(/nix/store/xy75qzrwkwgbr29l9hbawjic0a1h5wmy-TeXLive-linkdir/texmf-dist/tex/gen
eric/pgf/libraries/pgflibraryplothandlers.code.tex
File: pgflibraryplothandlers.code.tex 2013/08/31 v3.0.0 (rcs-revision 1.20)
\pgf@plot@mark@count=\count113
\pgfplotmarksize=\dimen161
)
\tikz@lastx=\dimen162
\tikz@lasty=\dimen163
\tikz@lastxsaved=\dimen164
\tikz@lastysaved=\dimen165
\tikzleveldistance=\dimen166
\tikzsiblingdistance=\dimen167
\tikz@figbox=\box35
\tikz@figbox@bg=\box36
\tikz@tempbox=\box37
\tikz@tempbox@bg=\box38
\tikztreelevel=\count114
\tikznumberofchildren=\count115
\tikznumberofcurrentchild=\count116
\tikz@fig@count=\count117

(/nix/store/xy75qzrwkwgbr29l9hbawjic0a1h5wmy-TeXLive-linkdir/texmf-dist/tex/gen
eric/pgf/modules/pgfmodulematrix.code.tex
File: pgfmodulematrix.code.tex 2013/09/17  (rcs-revision 1.8)
\pgfmatrixcurrentrow=\count118
\pgfmatrixcurrentcolumn=\count119
\pgf@matrix@numberofcolumns=\count120
)
\tikz@expandcount=\count121

(/nix/store/xy75qzrwkwgbr29l9hbawjic0a1h5wmy-TeXLive-linkdir/texmf-dist/tex/gen
eric/pgf/frontendlayer/tikz/libraries/tikzlibrarytopaths.code.tex
File: tikzlibrarytopaths.code.tex 2008/06/17 v3.0.0 (rcs-revision 1.2)
)))
(/nix/store/xy75qzrwkwgbr29l9hbawjic0a1h5wmy-TeXLive-linkdir/texmf-dist/tex/lat
ex/tikz-qtree/tikz-qtree.sty
(/nix/store/xy75qzrwkwgbr29l9hbawjic0a1h5wmy-TeXLive-linkdir/texmf-dist/tex/lat
ex/tikz-qtree/pgftree.sty
(/nix/store/xy75qzrwkwgbr29l9hbawjic0a1h5wmy-TeXLive-linkdir/texmf-dist/tex/lat
ex/tikz-qtree/pgfsubpic.sty
(/nix/store/xy75qzrwkwgbr29l9hbawjic0a1h5wmy-TeXLive-linkdir/texmf-dist/tex/lat
ex/tikz-qtree/pgfsubpic.tex
\pgf@subpicminx=\dimen168
\pgf@subpicminy=\dimen169
\pgf@subpicmaxx=\dimen170
\pgf@subpicmaxy=\dimen171
))
(/nix/store/xy75qzrwkwgbr29l9hbawjic0a1h5wmy-TeXLive-linkdir/texmf-dist/tex/lat
ex/tikz-qtree/pgftree.tex
\levelsep=\dimen172
\subtreesep=\dimen173
\smuggle@levelsep=\dimen174
\smuggle@subtreesep=\dimen175
\this@levelsep=\dimen176
\this@subtreesep=\dimen177
\pgftree@childx=\dimen178
\pgftree@savechildx=\dimen179
\pgftree@childy=\dimen180
\pgftree@savechildy=\dimen181
\pgftree@childi=\count122
\pgftree@savechildi=\count123
\pgftree@level=\count124
\pgftree@depth=\dimen182
\pgf@subpic@hbox@children=\box39
\pgf@subpic@minx@children=\dimen183
\pgf@subpic@miny@children=\dimen184
\pgf@subpic@maxx@children=\dimen185
\pgf@subpic@maxy@children=\dimen186
\pgftree@lastchildx=\dimen187
\pgftree@lastchildy=\dimen188
))
(/nix/store/xy75qzrwkwgbr29l9hbawjic0a1h5wmy-TeXLive-linkdir/texmf-dist/tex/lat
ex/tikz-qtree/tikz-qtree.tex
\@result=\toks33
\child@list=\toks34
\root@node=\toks35
))
(/nix/store/xy75qzrwkwgbr29l9hbawjic0a1h5wmy-TeXLive-linkdir/texmf-dist/tex/lat
ex/tools/verbatim.sty
Package: verbatim 2003/08/22 v1.5q LaTeX2e package for verbatim enhancements
\every@verbatim=\toks36
\verbatim@line=\toks37
\verbatim@in@stream=\read2
) (./update.aux)
\openout1 = `update.aux'.

LaTeX Font Info:    Checking defaults for OML/cmm/m/it on input line 15.
LaTeX Font Info:    ... okay on input line 15.
LaTeX Font Info:    Checking defaults for T1/cmr/m/n on input line 15.
LaTeX Font Info:    ... okay on input line 15.
LaTeX Font Info:    Checking defaults for OT1/cmr/m/n on input line 15.
LaTeX Font Info:    ... okay on input line 15.
LaTeX Font Info:    Checking defaults for OMS/cmsy/m/n on input line 15.
LaTeX Font Info:    ... okay on input line 15.
LaTeX Font Info:    Checking defaults for OMX/cmex/m/n on input line 15.
LaTeX Font Info:    ... okay on input line 15.
LaTeX Font Info:    Checking defaults for U/cmr/m/n on input line 15.
LaTeX Font Info:    ... okay on input line 15.

*geometry* driver: auto-detecting
*geometry* detected driver: pdftex
*geometry* verbose mode - [ preamble ] result:
* driver: pdftex
* paper: <default>
* layout: <same size as paper>
* layoutoffset:(h,v)=(0.0pt,0.0pt)
* modes: 
* h-part:(L,W,R)=(57.81621pt, 498.66258pt, 57.81621pt)
* v-part:(T,H,B)=(57.81621pt, 679.33757pt, 57.81621pt)
* \paperwidth=614.295pt
* \paperheight=794.96999pt
* \textwidth=498.66258pt
* \textheight=679.33757pt
* \oddsidemargin=-14.45378pt
* \evensidemargin=-14.45378pt
* \topmargin=-51.45378pt
* \headheight=12.0pt
* \headsep=25.0pt
* \topskip=10.0pt
* \footskip=30.0pt
* \marginparwidth=65.0pt
* \marginparsep=11.0pt
* \columnsep=10.0pt
* \skip\footins=9.0pt plus 4.0pt minus 2.0pt
* \hoffset=0.0pt
* \voffset=0.0pt
* \mag=1000
* \@twocolumnfalse
* \@twosidefalse
* \@mparswitchfalse
* \@reversemarginfalse
* (1in=72.27pt=25.4mm, 1cm=28.453pt)

ABD: EveryShipout initializing macros
(/nix/store/xy75qzrwkwgbr29l9hbawjic0a1h5wmy-TeXLive-linkdir/texmf-dist/tex/con
text/base/supp-pdf.mkii
[Loading MPS to PDF converter (version 2006.09.02).]
\scratchcounter=\count125
\scratchdimen=\dimen189
\scratchbox=\box40
\nofMPsegments=\count126
\nofMParguments=\count127
\everyMPshowfont=\toks38
\MPscratchCnt=\count128
\MPscratchDim=\dimen190
\MPnumerator=\count129
\makeMPintoPDFobject=\count130
\everyMPtoPDFconversion=\toks39
)
(/nix/store/xy75qzrwkwgbr29l9hbawjic0a1h5wmy-TeXLive-linkdir/texmf-dist/tex/gen
eric/oberdiek/pdftexcmds.sty
Package: pdftexcmds 2011/11/29 v0.20 Utility functions of pdfTeX for LuaTeX (HO
)

(/nix/store/xy75qzrwkwgbr29l9hbawjic0a1h5wmy-TeXLive-linkdir/texmf-dist/tex/gen
eric/oberdiek/ifluatex.sty
Package: ifluatex 2010/03/01 v1.3 Provides the ifluatex switch (HO)
Package ifluatex Info: LuaTeX not detected.
)
Package pdftexcmds Info: LuaTeX not detected.
Package pdftexcmds Info: \pdf@primitive is available.
Package pdftexcmds Info: \pdf@ifprimitive is available.
Package pdftexcmds Info: \pdfdraftmode found.
)
(/nix/store/xy75qzrwkwgbr29l9hbawjic0a1h5wmy-TeXLive-linkdir/texmf-dist/tex/lat
ex/oberdiek/epstopdf-base.sty
Package: epstopdf-base 2010/02/09 v2.5 Base part for package epstopdf

(/nix/store/xy75qzrwkwgbr29l9hbawjic0a1h5wmy-TeXLive-linkdir/texmf-dist/tex/lat
ex/oberdiek/grfext.sty
Package: grfext 2010/08/19 v1.1 Manage graphics extensions (HO)

(/nix/store/xy75qzrwkwgbr29l9hbawjic0a1h5wmy-TeXLive-linkdir/texmf-dist/tex/gen
eric/oberdiek/kvdefinekeys.sty
Package: kvdefinekeys 2011/04/07 v1.3 Define keys (HO)
))
(/nix/store/xy75qzrwkwgbr29l9hbawjic0a1h5wmy-TeXLive-linkdir/texmf-dist/tex/lat
ex/oberdiek/kvoptions.sty
Package: kvoptions 2011/06/30 v3.11 Key value format for package options (HO)

(/nix/store/xy75qzrwkwgbr29l9hbawjic0a1h5wmy-TeXLive-linkdir/texmf-dist/tex/gen
eric/oberdiek/kvsetkeys.sty
Package: kvsetkeys 2012/04/25 v1.16 Key value parser (HO)

(/nix/store/xy75qzrwkwgbr29l9hbawjic0a1h5wmy-TeXLive-linkdir/texmf-dist/tex/gen
eric/oberdiek/etexcmds.sty
Package: etexcmds 2011/02/16 v1.5 Avoid name clashes with e-TeX commands (HO)
Package etexcmds Info: Could not find \expanded.
(etexcmds)             That can mean that you are not using pdfTeX 1.50 or
(etexcmds)             that some package has redefined \expanded.
(etexcmds)             In the latter case, load this package earlier.
)))
Package grfext Info: Graphics extension search list:
(grfext)             [.png,.pdf,.jpg,.mps,.jpeg,.jbig2,.jb2,.PNG,.PDF,.JPG,.JPE
G,.JBIG2,.JB2,.eps]
(grfext)             \AppendGraphicsExtensions on input line 452.

(/nix/store/xy75qzrwkwgbr29l9hbawjic0a1h5wmy-TeXLive-linkdir/texmf-dist/tex/lat
ex/latexconfig/epstopdf-sys.cfg
File: epstopdf-sys.cfg 2010/07/13 v1.3 Configuration of (r)epstopdf for TeX Liv
e
)) [1

{/nix/store/xy75qzrwkwgbr29l9hbawjic0a1h5wmy-TeXLive-linkdir/texmf-config/fonts
/map/pdftex/updmap/pdftex.map}] [2]
(./update.aux) ) 
Here is how much of TeX's memory you used:
 12693 strings out of 493109
 259428 string characters out of 6117082
 297369 words of memory out of 5000000
 15909 multiletter control sequences out of 15000+600000
 9810 words of font info for 36 fonts, out of 8000000 for 9000
 1141 hyphenation exceptions out of 8191
 55i,12n,54p,410b,786s stack positions out of 5000i,500n,10000p,200000b,80000s
</nix/store/xy75qzrwkwgbr29l9hbawjic0a1h5wmy-TeXLive-linkdir/te
xmf-dist/fonts/type1/public/amsfonts/cm/cmbx10.pfb></nix/store/xy75qzrwkwgbr29l
9hbawjic0a1h5wmy-TeXLive-linkdir/texmf-dist/fonts/type1/public/amsfonts/cm/cmbx
12.pfb></nix/store/xy75qzrwkwgbr29l9hbawjic0a1h5wmy-TeXLive-linkdir/texmf-dist/
fonts/type1/public/amsfonts/cm/cmex10.pfb></nix/store/xy75qzrwkwgbr29l9hbawjic0
a1h5wmy-TeXLive-linkdir/texmf-dist/fonts/type1/public/amsfonts/cm/cmmi10.pfb></
nix/store/xy75qzrwkwgbr29l9hbawjic0a1h5wmy-TeXLive-linkdir/texmf-dist/fonts/typ
e1/public/amsfonts/cm/cmmi5.pfb></nix/store/xy75qzrwkwgbr29l9hbawjic0a1h5wmy-Te
XLive-linkdir/texmf-dist/fonts/type1/public/amsfonts/cm/cmmi7.pfb></nix/store/x
y75qzrwkwgbr29l9hbawjic0a1h5wmy-TeXLive-linkdir/texmf-dist/fonts/type1/public/a
msfonts/cm/cmr10.pfb></nix/store/xy75qzrwkwgbr29l9hbawjic0a1h5wmy-TeXLive-linkd
ir/texmf-dist/fonts/type1/public/amsfonts/cm/cmr12.pfb></nix/store/xy75qzrwkwgb
r29l9hbawjic0a1h5wmy-TeXLive-linkdir/texmf-dist/fonts/type1/public/amsfonts/cm/
cmr17.pfb></nix/store/xy75qzrwkwgbr29l9hbawjic0a1h5wmy-TeXLive-linkdir/texmf-di
st/fonts/type1/public/amsfonts/cm/cmr7.pfb></nix/store/xy75qzrwkwgbr29l9hbawjic
0a1h5wmy-TeXLive-linkdir/texmf-dist/fonts/type1/public/amsfonts/cm/cmsy7.pfb></
nix/store/xy75qzrwkwgbr29l9hbawjic0a1h5wmy-TeXLive-linkdir/texmf-dist/fonts/typ
e1/public/amsfonts/cm/cmtt10.pfb>
Output written on update.pdf (2 pages, 127068 bytes).
PDF statistics:
 62 PDF objects out of 1000 (max. 8388607)
 45 compressed objects within 1 object stream
 0 named destinations out of 1000 (max. 500000)
 13 words of extra memory for PDF output out of 10000 (max. 10000000)

